\BOOKMARK [0][-]{chapter.1}{Wstep}{}% 1
\BOOKMARK [0][-]{chapter.2}{Analiza problemu}{}% 2
\BOOKMARK [1][-]{section.2.1}{Zadanie transportowe}{chapter.2}% 3
\BOOKMARK [2][-]{subsection.2.1.1}{Wersja liniowa}{section.2.1}% 4
\BOOKMARK [2][-]{subsection.2.1.2}{Wersja nieliniowa}{section.2.1}% 5
\BOOKMARK [1][-]{section.2.2}{Klasyczne rozwiazania}{chapter.2}% 6
\BOOKMARK [1][-]{section.2.3}{Algorytmy metaheurystyczne}{chapter.2}% 7
\BOOKMARK [2][-]{subsection.2.3.1}{Algorytmy ewolucyjne}{section.2.3}% 8
\BOOKMARK [0][-]{chapter.3}{R\363wnoleg\233a implementacja algorytmu ewolucyjnego}{}% 9
\BOOKMARK [1][-]{section.3.1}{Uzyte technologie}{chapter.3}% 10
\BOOKMARK [1][-]{section.3.2}{Reprezentacja chromosomu}{chapter.3}% 11
\BOOKMARK [1][-]{section.3.3}{Operator krzyzowania}{chapter.3}% 12
\BOOKMARK [1][-]{section.3.4}{Operator mutacji}{chapter.3}% 13
\BOOKMARK [1][-]{section.3.5}{Funkcje oceny}{chapter.3}% 14
\BOOKMARK [1][-]{section.3.6}{Metoda selekcji}{chapter.3}% 15
\BOOKMARK [1][-]{section.3.7}{Wersja r\363wnoleg\233a}{chapter.3}% 16
\BOOKMARK [0][-]{chapter.4}{Wyniki eksperymentalne}{}% 17
\BOOKMARK [1][-]{section.4.1}{Model klasyczny algorytmu genetycznego}{chapter.4}% 18
\BOOKMARK [1][-]{section.4.2}{Model wyspowy algorytmu genetycznego}{chapter.4}% 19
\BOOKMARK [0][-]{chapter.5}{Podsumowanie}{}% 20
\BOOKMARK [0][-]{chapter*.1}{Bibliografia}{}% 21
\BOOKMARK [0][-]{appendix.A}{Zawartosc p\233yty CD}{}% 22
